<?xml version="1.0" encoding="UTF-8"?>
<!-- Generated by org.testng.reporters.JUnitReportReporter -->
<testsuite hostname="DESKTOP-BTF8RCS" failures="0" tests="1" name="rahulshettyacademy.tests.StandAloneTest" time="10.934" errors="0" timestamp="2024-02-29T22:03:44 IST" skipped="0">
  <testcase classname="rahulshettyacademy.tests.StandAloneTest" name="submitOrderTest" time="10.934"/>
</testsuite> <!-- rahulshettyacademy.tests.StandAloneTest -->
